[debug] [2023-03-26T14:43:35.351Z] ----------------------------------------------------------------------
[debug] [2023-03-26T14:43:35.353Z] Command:       C:\Program Files\nodejs\node.exe C:\Users\joele\AppData\Roaming\npm\node_modules\firebase-tools\lib\bin\firebase.js init
[debug] [2023-03-26T14:43:35.354Z] CLI Version:   11.25.1
[debug] [2023-03-26T14:43:35.354Z] Platform:      win32
[debug] [2023-03-26T14:43:35.354Z] Node Version:  v18.15.0
[debug] [2023-03-26T14:43:35.355Z] Time:          Sun Mar 26 2023 17:43:35 GMT+0300 (Israel Daylight Saving Time)
[debug] [2023-03-26T14:43:35.355Z] ----------------------------------------------------------------------
[debug] 
[debug] [2023-03-26T14:43:35.364Z] > command requires scopes: ["email","openid","https://www.googleapis.com/auth/cloudplatformprojects.readonly","https://www.googleapis.com/auth/firebase","https://www.googleapis.com/auth/cloud-platform"]
[debug] [2023-03-26T14:43:35.365Z] > authorizing via signed-in user (joele8323@gmail.com)
[info] 
     ######## #### ########  ######## ########     ###     ######  ########
     ##        ##  ##     ## ##       ##     ##  ##   ##  ##       ##
     ######    ##  ########  ######   ########  #########  ######  ######
     ##        ##  ##    ##  ##       ##     ## ##     ##       ## ##
     ##       #### ##     ## ######## ########  ##     ##  ######  ########

You're about to initialize a Firebase project in this directory:

  C:\Users\joele\OneDrive\Documents\GitHub\interviews\appsForce\appsforce

[info] 
=== Project Setup
[info] 
[info] First, let's associate this project directory with a Firebase project.
[info] You can create multiple project aliases by running firebase use --add, 
[info] but for now we'll just set up a default project.
[info] 
[debug] [2023-03-26T14:43:55.334Z] >>> [apiv2][query] GET https://firebase.googleapis.com/v1beta1/projects pageSize=100
[debug] [2023-03-26T14:43:55.927Z] <<< [apiv2][status] GET https://firebase.googleapis.com/v1beta1/projects 200
[debug] [2023-03-26T14:43:55.927Z] <<< [apiv2][body] GET https://firebase.googleapis.com/v1beta1/projects [omitted]
